0 info it worked if it ends with ok
1 verbose cli [ 'node',
1 verbose cli   '/usr/local/bin/npm',
1 verbose cli   'install',
1 verbose cli   '-g',
1 verbose cli   'cordova',
1 verbose cli   'ionic' ]
2 info using npm@1.5.0-alpha-2
3 info using node@v0.10.29
4 verbose cache add [ 'cordova', null ]
5 verbose cache add spec="cordova" args=["cordova",null]
6 verbose cache add [ 'ionic', null ]
7 verbose cache add spec="ionic" args=["ionic",null]
8 verbose parsed spec { raw: 'cordova',
8 verbose parsed spec   scope: null,
8 verbose parsed spec   name: 'cordova',
8 verbose parsed spec   rawSpec: '',
8 verbose parsed spec   spec: '*',
8 verbose parsed spec   type: 'range' }
9 verbose addNamed [ 'cordova', '*' ]
10 verbose addNamed [ null, '*' ]
11 verbose parsed spec { raw: 'ionic',
11 verbose parsed spec   scope: null,
11 verbose parsed spec   name: 'ionic',
11 verbose parsed spec   rawSpec: '',
11 verbose parsed spec   spec: '*',
11 verbose parsed spec   type: 'range' }
12 verbose addNamed [ 'ionic', '*' ]
13 verbose addNamed [ null, '*' ]
14 silly lockFile d1c74f74-cordova cordova@*
15 verbose lock cordova@* /Users/cpk/.npm/d1c74f74-cordova.lock
16 silly lockFile bf13f592-ionic ionic@*
17 verbose lock ionic@* /Users/cpk/.npm/bf13f592-ionic.lock
18 silly addNameRange { name: 'cordova', range: '*', hasData: false }
19 verbose mapToRegistry name cordova
20 verbose mapToRegistry uri https://registry.npmjs.org/cordova
21 silly addNameRange { name: 'ionic', range: '*', hasData: false }
22 verbose mapToRegistry name ionic
23 verbose mapToRegistry uri https://registry.npmjs.org/ionic
24 verbose request where is /ionic
25 verbose request registry https://registry.npmjs.org/
26 verbose request id 6c2aff70097284ea
27 verbose request url raw /ionic
28 verbose request url resolving [ 'https://registry.npmjs.org/', './ionic' ]
29 verbose request url resolved https://registry.npmjs.org/ionic
30 verbose request where is https://registry.npmjs.org/ionic
31 verbose request no basic auth needed
32 info trying registry request attempt 1 at 21:25:42
33 http GET https://registry.npmjs.org/ionic
34 verbose request where is /cordova
35 verbose request registry https://registry.npmjs.org/
36 verbose request url raw /cordova
37 verbose request url resolving [ 'https://registry.npmjs.org/', './cordova' ]
38 verbose request url resolved https://registry.npmjs.org/cordova
39 verbose request where is https://registry.npmjs.org/cordova
40 verbose request no basic auth needed
41 info trying registry request attempt 1 at 21:25:42
42 verbose etag "D00KGMBOWOB0S4S9087SS8MB0"
43 http GET https://registry.npmjs.org/cordova
44 http 200 https://registry.npmjs.org/ionic
45 silly registry.get cb [ 200,
45 silly registry.get   { date: 'Thu, 27 Nov 2014 03:25:43 GMT',
45 silly registry.get     server: 'CouchDB/1.5.0 (Erlang OTP/R16B03)',
45 silly registry.get     etag: '"4ZDUTKSYQQYRX14R2EAM2IQQO"',
45 silly registry.get     'content-type': 'application/json',
45 silly registry.get     'cache-control': 'max-age=60',
45 silly registry.get     'content-length': '148305',
45 silly registry.get     'accept-ranges': 'bytes',
45 silly registry.get     via: '1.1 varnish',
45 silly registry.get     age: '0',
45 silly registry.get     'x-served-by': 'cache-ord1727-ORD',
45 silly registry.get     'x-cache': 'MISS',
45 silly registry.get     'x-cache-hits': '0',
45 silly registry.get     'x-timer': 'S1417058743.842675,VS0,VE131',
45 silly registry.get     vary: 'Accept',
45 silly registry.get     'keep-alive': 'timeout=10, max=50',
45 silly registry.get     connection: 'Keep-Alive' } ]
46 silly addNameRange number 2 { name: 'ionic', range: '*', hasData: true }
47 silly addNameRange versions [ 'ionic',
47 silly addNameRange   [ '0.9.6',
47 silly addNameRange     '0.9.8',
47 silly addNameRange     '0.9.9',
47 silly addNameRange     '0.9.10',
47 silly addNameRange     '0.9.11',
47 silly addNameRange     '0.9.12',
47 silly addNameRange     '0.9.13',
47 silly addNameRange     '0.9.14',
47 silly addNameRange     '0.9.15',
47 silly addNameRange     '0.9.16',
47 silly addNameRange     '1.0.0-beta.1',
47 silly addNameRange     '1.0.0-beta',
47 silly addNameRange     '1.0.1-beta',
47 silly addNameRange     '1.0.3-beta',
47 silly addNameRange     '1.0.4',
47 silly addNameRange     '1.0.5',
47 silly addNameRange     '1.0.6',
47 silly addNameRange     '1.0.7',
47 silly addNameRange     '1.0.8',
47 silly addNameRange     '1.0.9',
47 silly addNameRange     '1.0.10',
47 silly addNameRange     '1.0.11',
47 silly addNameRange     '1.0.12',
47 silly addNameRange     '1.0.13',
47 silly addNameRange     '1.0.14',
47 silly addNameRange     '1.0.15',
47 silly addNameRange     '1.0.16',
47 silly addNameRange     '1.0.17',
47 silly addNameRange     '1.1.0-beta1',
47 silly addNameRange     '1.1.0-beta2',
47 silly addNameRange     '1.1.0-beta3',
47 silly addNameRange     '1.1.0-beta4',
47 silly addNameRange     '1.1.0-beta5',
47 silly addNameRange     '1.1.0-beta6',
47 silly addNameRange     '1.1.0',
47 silly addNameRange     '1.1.1-beta1',
47 silly addNameRange     '1.1.1-beta2',
47 silly addNameRange     '1.1.1-beta3',
47 silly addNameRange     '1.1.1',
47 silly addNameRange     '1.1.3',
47 silly addNameRange     '1.1.4',
47 silly addNameRange     '1.1.5-beta1',
47 silly addNameRange     '1.1.5-beta2',
47 silly addNameRange     '1.1.5-beta3',
47 silly addNameRange     '1.1.5-beta4',
47 silly addNameRange     '1.1.5-beta5',
47 silly addNameRange     '1.1.5',
47 silly addNameRange     '1.1.6',
47 silly addNameRange     '1.1.7-beta1',
47 silly addNameRange     '1.1.7',
47 silly addNameRange     '1.1.8-beta1',
47 silly addNameRange     '1.1.8-beta2',
47 silly addNameRange     '1.1.8-beta3',
47 silly addNameRange     '1.1.8-beta4',
47 silly addNameRange     '1.1.8-beta5',
47 silly addNameRange     '1.1.8',
47 silly addNameRange     '1.1.9-beta1',
47 silly addNameRange     '1.1.9',
47 silly addNameRange     '1.1.10',
47 silly addNameRange     '1.1.11-beta1',
47 silly addNameRange     '1.1.11-beta2',
47 silly addNameRange     '1.1.11',
47 silly addNameRange     '1.1.12-beta1',
47 silly addNameRange     '1.1.12-beta2',
47 silly addNameRange     '1.1.12-beta3',
47 silly addNameRange     '1.1.12',
47 silly addNameRange     '1.1.13',
47 silly addNameRange     '1.1.14-beta1',
47 silly addNameRange     '1.1.14-beta2',
47 silly addNameRange     '1.1.14-beta3',
47 silly addNameRange     '1.2.0-beta1',
47 silly addNameRange     '1.2.0',
47 silly addNameRange     '1.2.1-beta1',
47 silly addNameRange     '1.2.1-beta2',
47 silly addNameRange     '1.2.1-beta3',
47 silly addNameRange     '1.2.1-beta4',
47 silly addNameRange     '1.2.1',
47 silly addNameRange     '1.2.2',
47 silly addNameRange     '1.2.3-beta1',
47 silly addNameRange     '1.2.3-beta2',
47 silly addNameRange     '1.2.3-beta3',
47 silly addNameRange     '1.2.3',
47 silly addNameRange     '1.2.4-beta1',
47 silly addNameRange     '1.2.4-beta2',
47 silly addNameRange     '1.2.4-beta3',
47 silly addNameRange     '1.2.4',
47 silly addNameRange     '1.2.5-beta1',
47 silly addNameRange     '1.2.5-beta2',
47 silly addNameRange     '1.2.5-beta3',
47 silly addNameRange     '1.2.5',
47 silly addNameRange     '1.2.6-beta1',
47 silly addNameRange     '1.2.6-beta2',
47 silly addNameRange     '1.2.6-beta3',
47 silly addNameRange     '1.2.6',
47 silly addNameRange     '1.2.7',
47 silly addNameRange     '1.2.8-beta1',
47 silly addNameRange     '1.2.8-beta2',
47 silly addNameRange     '1.2.8' ] ]
48 verbose addNamed [ 'ionic', '1.2.8' ]
49 verbose addNamed [ '1.2.8', '1.2.8' ]
50 silly lockFile 74ce95ae-ionic-1-2-8 ionic@1.2.8
51 verbose lock ionic@1.2.8 /Users/cpk/.npm/74ce95ae-ionic-1-2-8.lock
52 silly lockFile 65c480ba--npmjs-org-ionic-ionic-1-2-8-tgz https://registry.npmjs.org/ionic/-/ionic-1.2.8.tgz
53 verbose lock https://registry.npmjs.org/ionic/-/ionic-1.2.8.tgz /Users/cpk/.npm/65c480ba--npmjs-org-ionic-ionic-1-2-8-tgz.lock
54 verbose addRemoteTarball [ 'https://registry.npmjs.org/ionic/-/ionic-1.2.8.tgz',
54 verbose addRemoteTarball   'b7087e0ba85f358934fa6546a351e966afa771a3' ]
55 info retry fetch attempt 1 at 21:25:44
56 verbose fetch to= /var/folders/r4/s_1md0qs35qdct6lnz6ddrw40000gn/T/npm-8030-yxAg7O1n/registry.npmjs.org/ionic/-/ionic-1.2.8.tgz
57 http GET https://registry.npmjs.org/ionic/-/ionic-1.2.8.tgz
58 http 200 https://registry.npmjs.org/ionic/-/ionic-1.2.8.tgz
59 http 200 https://registry.npmjs.org/cordova
60 silly registry.get cb [ 200,
60 silly registry.get   { date: 'Thu, 27 Nov 2014 03:25:43 GMT',
60 silly registry.get     server: 'CouchDB/1.5.0 (Erlang OTP/R16B03)',
60 silly registry.get     etag: '"7R0ZIS9JLI6Z6XLQCLT1RUCO7"',
60 silly registry.get     'content-type': 'application/json',
60 silly registry.get     'cache-control': 'max-age=60',
60 silly registry.get     'content-length': '333661',
60 silly registry.get     'accept-ranges': 'bytes',
60 silly registry.get     via: '1.1 varnish',
60 silly registry.get     age: '0',
60 silly registry.get     'x-served-by': 'cache-ord1732-ORD',
60 silly registry.get     'x-cache': 'HIT',
60 silly registry.get     'x-cache-hits': '1',
60 silly registry.get     'x-timer': 'S1417058743.852248,VS0,VE29',
60 silly registry.get     vary: 'Accept',
60 silly registry.get     'keep-alive': 'timeout=10, max=50',
60 silly registry.get     connection: 'Keep-Alive' } ]
61 silly addNameRange number 2 { name: 'cordova', range: '*', hasData: true }
62 silly addNameRange versions [ 'cordova',
62 silly addNameRange   [ '0.0.1',
62 silly addNameRange     '0.0.2',
62 silly addNameRange     '0.0.3',
62 silly addNameRange     '0.0.4',
62 silly addNameRange     '0.0.5',
62 silly addNameRange     '0.0.6',
62 silly addNameRange     '0.0.7',
62 silly addNameRange     '0.0.8',
62 silly addNameRange     '0.0.9',
62 silly addNameRange     '0.1.0',
62 silly addNameRange     '0.1.1',
62 silly addNameRange     '0.1.2',
62 silly addNameRange     '0.1.3',
62 silly addNameRange     '0.1.4',
62 silly addNameRange     '0.1.5',
62 silly addNameRange     '0.1.6',
62 silly addNameRange     '0.1.7',
62 silly addNameRange     '0.1.8',
62 silly addNameRange     '0.1.9',
62 silly addNameRange     '0.1.10',
62 silly addNameRange     '0.1.11',
62 silly addNameRange     '0.1.12',
62 silly addNameRange     '0.1.13',
62 silly addNameRange     '0.1.14',
62 silly addNameRange     '2.2.0',
62 silly addNameRange     '2.3.0',
62 silly addNameRange     '2.3.1',
62 silly addNameRange     '2.3.2',
62 silly addNameRange     '2.3.3',
62 silly addNameRange     '2.3.5',
62 silly addNameRange     '2.3.6',
62 silly addNameRange     '2.4.0',
62 silly addNameRange     '2.4.1',
62 silly addNameRange     '2.4.2',
62 silly addNameRange     '2.4.3',
62 silly addNameRange     '2.4.4',
62 silly addNameRange     '2.4.5',
62 silly addNameRange     '2.4.6',
62 silly addNameRange     '2.4.7',
62 silly addNameRange     '2.4.8',
62 silly addNameRange     '2.4.9',
62 silly addNameRange     '2.4.10',
62 silly addNameRange     '2.5.0',
62 silly addNameRange     '2.5.2',
62 silly addNameRange     '2.5.3',
62 silly addNameRange     '2.5.4',
62 silly addNameRange     '2.5.5',
62 silly addNameRange     '2.6.0',
62 silly addNameRange     '2.6.1',
62 silly addNameRange     '2.6.2',
62 silly addNameRange     '2.7.0-rc.1',
62 silly addNameRange     '2.7.1-rc.1',
62 silly addNameRange     '2.7.2',
62 silly addNameRange     '2.7.3',
62 silly addNameRange     '2.7.4',
62 silly addNameRange     '2.8.0',
62 silly addNameRange     '2.8.1',
62 silly addNameRange     '2.8.2',
62 silly addNameRange     '2.8.3',
62 silly addNameRange     '2.8.4',
62 silly addNameRange     '2.8.5',
62 silly addNameRange     '2.8.6',
62 silly addNameRange     '2.8.7',
62 silly addNameRange     '2.8.8',
62 silly addNameRange     '2.8.9',
62 silly addNameRange     '2.8.10',
62 silly addNameRange     '2.8.11',
62 silly addNameRange     '2.8.12',
62 silly addNameRange     '2.8.13',
62 silly addNameRange     '2.8.14',
62 silly addNameRange     '2.8.15',
62 silly addNameRange     '2.8.16',
62 silly addNameRange     '2.8.17',
62 silly addNameRange     '2.8.18',
62 silly addNameRange     '2.8.19',
62 silly addNameRange     '2.8.20',
62 silly addNameRange     '2.8.21',
62 silly addNameRange     '2.8.22',
62 silly addNameRange     '2.8.23',
62 silly addNameRange     '2.8.24',
62 silly addNameRange     '2.8.25',
62 silly addNameRange     '2.9.0',
62 silly addNameRange     '2.9.1',
62 silly addNameRange     '2.9.2',
62 silly addNameRange     '2.9.3',
62 silly addNameRange     '2.9.4',
62 silly addNameRange     '2.9.5',
62 silly addNameRange     '2.9.6',
62 silly addNameRange     '2.9.7',
62 silly addNameRange     '3.0.0-rc1',
62 silly addNameRange     '3.0.0-rc1-1',
62 silly addNameRange     '3.0.0-rc1-3',
62 silly addNameRange     '3.0.0',
62 silly addNameRange     '3.0.1',
62 silly addNameRange     '3.0.2',
62 silly addNameRange     '3.0.3',
62 silly addNameRange     '3.0.4',
62 silly addNameRange     '3.0.5',
62 silly addNameRange     '3.0.6',
62 silly addNameRange     '3.0.7',
62 silly addNameRange     '3.0.8',
62 silly addNameRange     '3.0.9',
62 silly addNameRange     '3.0.10',
62 silly addNameRange     '3.1.0-0.1.0',
62 silly addNameRange     '3.1.0-0.2.0',
62 silly addNameRange     '3.2.0-rc.1',
62 silly addNameRange     '3.2.0-0.1.0',
62 silly addNameRange     '3.2.0-0.2.0',
62 silly addNameRange     '3.2.0-0.3.0',
62 silly addNameRange     '3.2.0-0.4.0',
62 silly addNameRange     '3.3.0-rc.1',
62 silly addNameRange     '3.3.0-0.1.1',
62 silly addNameRange     '3.3.1-0.1.2',
62 silly addNameRange     '2.9.0-rc1',
62 silly addNameRange     '3.3.1-0.3.0',
62 silly addNameRange     '3.3.1-0.3.1',
62 silly addNameRange     '3.3.1-0.4.1',
62 silly addNameRange     '3.3.1-0.4.2',
62 silly addNameRange     '3.4.0-0.1.0',
62 silly addNameRange     '3.4.0-0.1.1',
62 silly addNameRange     '3.4.0-0.1.2',
62 silly addNameRange     '3.4.0-0.1.3',
62 silly addNameRange     '0.0.0-fake',
62 silly addNameRange     '3.4.1-0.1.0',
62 silly addNameRange     '3.5.0-0.2.0',
62 silly addNameRange     '3.5.0-0.2.1',
62 silly addNameRange     '3.5.0-0.2.2',
62 silly addNameRange     '3.5.0-0.2.3',
62 silly addNameRange     '3.5.0-0.2.4',
62 silly addNameRange     '3.5.0-0.2.6',
62 silly addNameRange     '3.5.0-0.2.7',
62 silly addNameRange     '3.6.0-0.2.8',
62 silly addNameRange     '3.6.0-0.2.9',
62 silly addNameRange     '3.6.1-0.2.10',
62 silly addNameRange     '3.6.3-0.2.11',
62 silly addNameRange     '3.6.3-0.2.12',
62 silly addNameRange     '3.6.3-0.2.13',
62 silly addNameRange     '4.0.0',
62 silly addNameRange     '4.0.1',
62 silly addNameRange     '4.1.0',
62 silly addNameRange     '4.1.1',
62 silly addNameRange     '4.1.2',
62 silly addNameRange     '4.1.3-nightly.2014.10.21' ] ]
63 verbose addNamed [ 'cordova', '4.1.2' ]
64 verbose addNamed [ '4.1.2', '4.1.2' ]
65 silly lockFile d72081f6-cordova-4-1-2 cordova@4.1.2
66 verbose lock cordova@4.1.2 /Users/cpk/.npm/d72081f6-cordova-4-1-2.lock
67 silly lockFile 69dcc1a4-js-org-cordova-cordova-4-1-2-tgz https://registry.npmjs.org/cordova/-/cordova-4.1.2.tgz
68 verbose lock https://registry.npmjs.org/cordova/-/cordova-4.1.2.tgz /Users/cpk/.npm/69dcc1a4-js-org-cordova-cordova-4-1-2-tgz.lock
69 verbose addRemoteTarball [ 'https://registry.npmjs.org/cordova/-/cordova-4.1.2.tgz',
69 verbose addRemoteTarball   '68fae142997354777f77c0320229c3798cd496fd' ]
70 info retry fetch attempt 1 at 21:25:45
71 verbose fetch to= /var/folders/r4/s_1md0qs35qdct6lnz6ddrw40000gn/T/npm-8030-yxAg7O1n/registry.npmjs.org/cordova/-/cordova-4.1.2.tgz
72 http GET https://registry.npmjs.org/cordova/-/cordova-4.1.2.tgz
73 silly lockFile 65c480ba--npmjs-org-ionic-ionic-1-2-8-tgz https://registry.npmjs.org/ionic/-/ionic-1.2.8.tgz
74 silly lockFile 65c480ba--npmjs-org-ionic-ionic-1-2-8-tgz https://registry.npmjs.org/ionic/-/ionic-1.2.8.tgz
75 silly lockFile 74ce95ae-ionic-1-2-8 ionic@1.2.8
76 silly lockFile 74ce95ae-ionic-1-2-8 ionic@1.2.8
77 silly lockFile bf13f592-ionic ionic@*
78 silly lockFile bf13f592-ionic ionic@*
79 http 200 https://registry.npmjs.org/cordova/-/cordova-4.1.2.tgz
80 silly lockFile 69dcc1a4-js-org-cordova-cordova-4-1-2-tgz https://registry.npmjs.org/cordova/-/cordova-4.1.2.tgz
81 silly lockFile 69dcc1a4-js-org-cordova-cordova-4-1-2-tgz https://registry.npmjs.org/cordova/-/cordova-4.1.2.tgz
82 silly lockFile d72081f6-cordova-4-1-2 cordova@4.1.2
83 silly lockFile d72081f6-cordova-4-1-2 cordova@4.1.2
84 silly lockFile d1c74f74-cordova cordova@*
85 silly lockFile d1c74f74-cordova cordova@*
86 error Error: EACCES, mkdir '/Users/cpk/.npm/cordova/4.1.2'
86 error  { [Error: EACCES, mkdir '/Users/cpk/.npm/cordova/4.1.2']
86 error   errno: 3,
86 error   code: 'EACCES',
86 error   path: '/Users/cpk/.npm/cordova/4.1.2' }
87 error Please try running this command again as root/Administrator.
88 error System Darwin 13.4.0
89 error command "node" "/usr/local/bin/npm" "install" "-g" "cordova" "ionic"
90 error cwd /Users/cpk/Sites/CityHapps
91 error node -v v0.10.29
92 error npm -v 1.5.0-alpha-2
93 error path /Users/cpk/.npm/cordova/4.1.2
94 error code EACCES
95 error errno 3
96 error stack Error: EACCES, mkdir '/Users/cpk/.npm/cordova/4.1.2'
97 verbose exit [ 3, true ]
